<?xml version="1.0" encoding="UTF-8"?>
<!-- Generated by org.testng.reporters.JUnitReportReporter -->
<testsuite skipped="0" hostname="DESKTOP-KKMO2Q5" name="com.training.sanity.tests.AddCourseTests" tests="1" failures="0" timestamp="2019-09-29T00:53:25 CDT" time="58.880" errors="0">
  <testcase name="validAddCourse" time="58.880" classname="com.training.sanity.tests.AddCourseTests"/>
</testsuite> <!-- com.training.sanity.tests.AddCourseTests -->
