<?xml version="1.0" encoding="UTF-8"?>
<!-- Generated by org.testng.reporters.JUnitReportReporter -->
<testsuite skipped="0" hostname="DESKTOP-KKMO2Q5" name="com.training.sanity.tests.LoginTests" tests="1" failures="0" timestamp="2019-09-22T19:55:11 CDT" time="11.585" errors="0">
  <testcase name="validLoginTest" time="11.585" classname="com.training.sanity.tests.LoginTests"/>
</testsuite> <!-- com.training.sanity.tests.LoginTests -->
